#
# There is insufficient memory for the Java Runtime Environment to continue.
# Native memory allocation (malloc) failed to allocate 262576 bytes for Chunk::new
# Possible reasons:
#   The system is out of physical RAM or swap space
#   The process is running with CompressedOops enabled, and the Java Heap may be blocking the growth of the native heap
# Possible solutions:
#   Reduce memory load on the system
#   Increase physical memory or swap space
#   Check if swap backing store is full
#   Decrease Java heap size (-Xmx/-Xms)
#   Decrease number of Java threads
#   Decrease Java thread stack sizes (-Xss)
#   Set larger code cache with -XX:ReservedCodeCacheSize=
#   JVM is running with Unscaled Compressed Oops mode in which the Java heap is
#     placed in the first 4GB address space. The Java Heap base address is the
#     maximum limit for the native heap growth. Please use -XX:HeapBaseMinAddress
#     to set the Java Heap base and to place the Java Heap above 4GB virtual address.
# This output file may be truncated or incomplete.
#
#  Out of Memory Error (arena.cpp:191), pid=8716, tid=6508
#
# JRE version: OpenJDK Runtime Environment JBR-17.0.10+1-1207.14-jcef (17.0.10+1) (build 17.0.10+1-b1207.14)
# Java VM: OpenJDK 64-Bit Server VM JBR-17.0.10+1-1207.14-jcef (17.0.10+1-b1207.14, mixed mode, tiered, compressed oops, compressed class ptrs, g1 gc, windows-amd64)
# No core dump will be written. Minidumps are not enabled by default on client versions of Windows
#

---------------  S U M M A R Y ------------

Command Line: git4idea.http.GitAskPassApp Username for 'https://github.com': 

Host: Intel(R) Core(TM) i7-8550U CPU @ 1.80GHz, 8 cores, 7G,  Windows 11 , 64 bit Build 26100 (10.0.26100.3037)
Time: Fri Mar  7 16:11:45 2025 Coordinated Universal Time elapsed time: 1.705057 seconds (0d 0h 0m 1s)

---------------  T H R E A D  ---------------

Current thread (0x000001d7eb063ec0):  JavaThread "C2 CompilerThread0" daemon [_thread_in_native, id=6508, stack(0x0000004d31e00000,0x0000004d31f00000)]


Current CompileTask:
C2:   1705  846   !   4       java.util.concurrent.ConcurrentHashMap::putVal (432 bytes)

Stack: [0x0000004d31e00000,0x0000004d31f00000]
Native frames: (J=compiled Java code, j=interpreted, Vv=VM code, C=native code)
V  [jvm.dll+0x687989]
V  [jvm.dll+0x84116a]
V  [jvm.dll+0x842dae]
V  [jvm.dll+0x843413]
V  [jvm.dll+0x249ccf]
V  [jvm.dll+0xac524]
V  [jvm.dll+0xacb6c]
V  [jvm.dll+0x369ca2]
V  [jvm.dll+0x3340da]
V  [jvm.dll+0x33357a]
V  [jvm.dll+0x21b881]
V  [jvm.dll+0x21aca1]
V  [jvm.dll+0x1a602d]
V  [jvm.dll+0x22ac2e]
V  [jvm.dll+0x228db5]
V  [jvm.dll+0x7f5417]
V  [jvm.dll+0x7ef81a]
V  [jvm.dll+0x686805]
C  [ucrtbase.dll+0x37b0]
C  [KERNEL32.DLL+0x2e8d7]
C  [ntdll.dll+0xbbf2c]


---------------  P R O C E S S  ---------------

Threads class SMR info:
_java_thread_list=0x000001d7eb7d6d50, length=16, elements={
0x000001d7cc4fe0d0, 0x000001d7e6cde880, 0x000001d7e6ce2a70, 0x000001d7eb048b20,
0x000001d7eb06ea70, 0x000001d7eb06f340, 0x000001d7eb0632c0, 0x000001d7eb063ec0,
0x000001d7eb0647d0, 0x000001d7eb0686d0, 0x000001d7eb1e39e0, 0x000001d7eb1e9ee0,
0x000001d7eb5878f0, 0x000001d7eb683460, 0x000001d7eb693e80, 0x000001d7eb6b86b0
}

Java Threads: ( => current thread )
  0x000001d7cc4fe0d0 JavaThread "main" [_thread_blocked, id=4056, stack(0x0000004d31100000,0x0000004d31200000)]
  0x000001d7e6cde880 JavaThread "Reference Handler" daemon [_thread_blocked, id=5288, stack(0x0000004d31800000,0x0000004d31900000)]
  0x000001d7e6ce2a70 JavaThread "Finalizer" daemon [_thread_blocked, id=18244, stack(0x0000004d31900000,0x0000004d31a00000)]
  0x000001d7eb048b20 JavaThread "Signal Dispatcher" daemon [_thread_blocked, id=1260, stack(0x0000004d31a00000,0x0000004d31b00000)]
  0x000001d7eb06ea70 JavaThread "Attach Listener" daemon [_thread_blocked, id=16420, stack(0x0000004d31b00000,0x0000004d31c00000)]
  0x000001d7eb06f340 JavaThread "Service Thread" daemon [_thread_blocked, id=1488, stack(0x0000004d31c00000,0x0000004d31d00000)]
  0x000001d7eb0632c0 JavaThread "Monitor Deflation Thread" daemon [_thread_blocked, id=13532, stack(0x0000004d31d00000,0x0000004d31e00000)]
=>0x000001d7eb063ec0 JavaThread "C2 CompilerThread0" daemon [_thread_in_native, id=6508, stack(0x0000004d31e00000,0x0000004d31f00000)]
  0x000001d7eb0647d0 JavaThread "C1 CompilerThread0" daemon [_thread_blocked, id=6736, stack(0x0000004d31f00000,0x0000004d32000000)]
  0x000001d7eb0686d0 JavaThread "Sweeper thread" daemon [_thread_blocked, id=14524, stack(0x0000004d32000000,0x0000004d32100000)]
  0x000001d7eb1e39e0 JavaThread "Notification Thread" daemon [_thread_blocked, id=4900, stack(0x0000004d32100000,0x0000004d32200000)]
  0x000001d7eb1e9ee0 JavaThread "Common-Cleaner" daemon [_thread_blocked, id=16776, stack(0x0000004d32300000,0x0000004d32400000)]
  0x000001d7eb5878f0 JavaThread "HttpClient-1-SelectorManager" daemon [_thread_in_native, id=2780, stack(0x0000004d32400000,0x0000004d32500000)]
  0x000001d7eb683460 JavaThread "HttpClient-1-Worker-0" daemon [_thread_in_vm, id=11784, stack(0x0000004d32600000,0x0000004d32700000)]
  0x000001d7eb693e80 JavaThread "HttpClient-1-Worker-1" daemon [_thread_blocked, id=17952, stack(0x0000004d32700000,0x0000004d32800000)]
  0x000001d7eb6b86b0 JavaThread "C2 CompilerThread1" daemon [_thread_in_native, id=10952, stack(0x0000004d32800000,0x0000004d32900000)]

Other Threads:
  0x000001d7eb020040 VMThread "VM Thread" [stack: 0x0000004d31700000,0x0000004d31800000] [id=13476]
  0x000001d7eb12fe00 WatcherThread [stack: 0x0000004d32200000,0x0000004d32300000] [id=7972]
  0x000001d7cc5590f0 GCTaskThread "GC Thread#0" [stack: 0x0000004d31200000,0x0000004d31300000] [id=15700]
  0x000001d7cc56a850 ConcurrentGCThread "G1 Main Marker" [stack: 0x0000004d31300000,0x0000004d31400000] [id=11488]
  0x000001d7cc56c120 ConcurrentGCThread "G1 Conc#0" [stack: 0x0000004d31400000,0x0000004d31500000] [id=16616]
  0x000001d7cc5adf50 ConcurrentGCThread "G1 Refine#0" [stack: 0x0000004d31500000,0x0000004d31600000] [id=15544]
  0x000001d7cc5ae820 ConcurrentGCThread "G1 Service" [stack: 0x0000004d31600000,0x0000004d31700000] [id=14980]

Threads with active compile tasks:
C2 CompilerThread0     1778  846   !   4       java.util.concurrent.ConcurrentHashMap::putVal (432 bytes)
C1 CompilerThread0     1778  922       3       java.io.ByteArrayOutputStream::<init> (43 bytes)
C2 CompilerThread1     1778  878       4       jdk.internal.org.objectweb.asm.ByteVector::putShort (52 bytes)

VM state: not at safepoint (normal execution)

VM Mutex/Monitor currently owned by a thread: None

Heap address: 0x0000000082600000, size: 2010 MB, Compressed Oops mode: 32-bit

CDS archive(s) not mapped
Compressed class space mapped at: 0x0000000100000000-0x0000000140000000, reserved size: 1073741824
Narrow klass base: 0x0000000000000000, Narrow klass shift: 3, Narrow klass range: 0x140000000

GC Precious Log:
 CPUs: 8 total, 8 available
 Memory: 8035M
 Large Page Support: Disabled
 NUMA Support: Disabled
 Compressed Oops: Enabled (32-bit)
 Heap Region Size: 1M
 Heap Min Capacity: 8M
 Heap Initial Capacity: 126M
 Heap Max Capacity: 2010M
 Pre-touch: Disabled
 Parallel Workers: 8
 Concurrent Workers: 2
 Concurrent Refinement Workers: 8
 Periodic GC: Disabled

Heap:
 garbage-first heap   total 129024K, used 11264K [0x0000000082600000, 0x0000000100000000)
  region size 1024K, 13 young (13312K), 0 survivors (0K)
 Metaspace       used 15057K, committed 15168K, reserved 1114112K
  class space    used 1570K, committed 1600K, reserved 1048576K

Heap Regions: E=young(eden), S=young(survivor), O=old, HS=humongous(starts), HC=humongous(continues), CS=collection set, F=free, OA=open archive, CA=closed archive, TAMS=top-at-mark-start (previous, next)
|   0|0x0000000082600000, 0x0000000082600000, 0x0000000082700000|  0%| F|  |TAMS 0x0000000082600000, 0x0000000082600000| Untracked 
|   1|0x0000000082700000, 0x0000000082700000, 0x0000000082800000|  0%| F|  |TAMS 0x0000000082700000, 0x0000000082700000| Untracked 
|   2|0x0000000082800000, 0x0000000082800000, 0x0000000082900000|  0%| F|  |TAMS 0x0000000082800000, 0x0000000082800000| Untracked 
|   3|0x0000000082900000, 0x0000000082900000, 0x0000000082a00000|  0%| F|  |TAMS 0x0000000082900000, 0x0000000082900000| Untracked 
|   4|0x0000000082a00000, 0x0000000082a00000, 0x0000000082b00000|  0%| F|  |TAMS 0x0000000082a00000, 0x0000000082a00000| Untracked 
|   5|0x0000000082b00000, 0x0000000082b00000, 0x0000000082c00000|  0%| F|  |TAMS 0x0000000082b00000, 0x0000000082b00000| Untracked 
|   6|0x0000000082c00000, 0x0000000082c00000, 0x0000000082d00000|  0%| F|  |TAMS 0x0000000082c00000, 0x0000000082c00000| Untracked 
|   7|0x0000000082d00000, 0x0000000082d00000, 0x0000000082e00000|  0%| F|  |TAMS 0x0000000082d00000, 0x0000000082d00000| Untracked 
|   8|0x0000000082e00000, 0x0000000082e00000, 0x0000000082f00000|  0%| F|  |TAMS 0x0000000082e00000, 0x0000000082e00000| Untracked 
|   9|0x0000000082f00000, 0x0000000082f00000, 0x0000000083000000|  0%| F|  |TAMS 0x0000000082f00000, 0x0000000082f00000| Untracked 
|  10|0x0000000083000000, 0x0000000083000000, 0x0000000083100000|  0%| F|  |TAMS 0x0000000083000000, 0x0000000083000000| Untracked 
|  11|0x0000000083100000, 0x0000000083100000, 0x0000000083200000|  0%| F|  |TAMS 0x0000000083100000, 0x0000000083100000| Untracked 
|  12|0x0000000083200000, 0x0000000083200000, 0x0000000083300000|  0%| F|  |TAMS 0x0000000083200000, 0x0000000083200000| Untracked 
|  13|0x0000000083300000, 0x0000000083300000, 0x0000000083400000|  0%| F|  |TAMS 0x0000000083300000, 0x0000000083300000| Untracked 
|  14|0x0000000083400000, 0x0000000083400000, 0x0000000083500000|  0%| F|  |TAMS 0x0000000083400000, 0x0000000083400000| Untracked 
|  15|0x0000000083500000, 0x0000000083500000, 0x0000000083600000|  0%| F|  |TAMS 0x0000000083500000, 0x0000000083500000| Untracked 
|  16|0x0000000083600000, 0x0000000083600000, 0x0000000083700000|  0%| F|  |TAMS 0x0000000083600000, 0x0000000083600000| Untracked 
|  17|0x0000000083700000, 0x0000000083700000, 0x0000000083800000|  0%| F|  |TAMS 0x0000000083700000, 0x0000000083700000| Untracked 
|  18|0x0000000083800000, 0x0000000083800000, 0x0000000083900000|  0%| F|  |TAMS 0x0000000083800000, 0x0000000083800000| Untracked 
|  19|0x0000000083900000, 0x0000000083900000, 0x0000000083a00000|  0%| F|  |TAMS 0x0000000083900000, 0x0000000083900000| Untracked 
|  20|0x0000000083a00000, 0x0000000083a00000, 0x0000000083b00000|  0%| F|  |TAMS 0x0000000083a00000, 0x0000000083a00000| Untracked 
|  21|0x0000000083b00000, 0x0000000083b00000, 0x0000000083c00000|  0%| F|  |TAMS 0x0000000083b00000, 0x0000000083b00000| Untracked 
|  22|0x0000000083c00000, 0x0000000083c00000, 0x0000000083d00000|  0%| F|  |TAMS 0x0000000083c00000, 0x0000000083c00000| Untracked 
|  23|0x0000000083d00000, 0x0000000083d00000, 0x0000000083e00000|  0%| F|  |TAMS 0x0000000083d00000, 0x0000000083d00000| Untracked 
|  24|0x0000000083e00000, 0x0000000083e00000, 0x0000000083f00000|  0%| F|  |TAMS 0x0000000083e00000, 0x0000000083e00000| Untracked 
|  25|0x0000000083f00000, 0x0000000083f00000, 0x0000000084000000|  0%| F|  |TAMS 0x0000000083f00000, 0x0000000083f00000| Untracked 
|  26|0x0000000084000000, 0x0000000084000000, 0x0000000084100000|  0%| F|  |TAMS 0x0000000084000000, 0x0000000084000000| Untracked 
|  27|0x0000000084100000, 0x0000000084100000, 0x0000000084200000|  0%| F|  |TAMS 0x0000000084100000, 0x0000000084100000| Untracked 
|  28|0x0000000084200000, 0x0000000084200000, 0x0000000084300000|  0%| F|  |TAMS 0x0000000084200000, 0x0000000084200000| Untracked 
|  29|0x0000000084300000, 0x0000000084300000, 0x0000000084400000|  0%| F|  |TAMS 0x0000000084300000, 0x0000000084300000| Untracked 
|  30|0x0000000084400000, 0x0000000084400000, 0x0000000084500000|  0%| F|  |TAMS 0x0000000084400000, 0x0000000084400000| Untracked 
|  31|0x0000000084500000, 0x0000000084500000, 0x0000000084600000|  0%| F|  |TAMS 0x0000000084500000, 0x0000000084500000| Untracked 
|  32|0x0000000084600000, 0x0000000084600000, 0x0000000084700000|  0%| F|  |TAMS 0x0000000084600000, 0x0000000084600000| Untracked 
|  33|0x0000000084700000, 0x0000000084700000, 0x0000000084800000|  0%| F|  |TAMS 0x0000000084700000, 0x0000000084700000| Untracked 
|  34|0x0000000084800000, 0x0000000084800000, 0x0000000084900000|  0%| F|  |TAMS 0x0000000084800000, 0x0000000084800000| Untracked 
|  35|0x0000000084900000, 0x0000000084900000, 0x0000000084a00000|  0%| F|  |TAMS 0x0000000084900000, 0x0000000084900000| Untracked 
|  36|0x0000000084a00000, 0x0000000084a00000, 0x0000000084b00000|  0%| F|  |TAMS 0x0000000084a00000, 0x0000000084a00000| Untracked 
|  37|0x0000000084b00000, 0x0000000084b00000, 0x0000000084c00000|  0%| F|  |TAMS 0x0000000084b00000, 0x0000000084b00000| Untracked 
|  38|0x0000000084c00000, 0x0000000084c00000, 0x0000000084d00000|  0%| F|  |TAMS 0x0000000084c00000, 0x0000000084c00000| Untracked 
|  39|0x0000000084d00000, 0x0000000084d00000, 0x0000000084e00000|  0%| F|  |TAMS 0x0000000084d00000, 0x0000000084d00000| Untracked 
|  40|0x0000000084e00000, 0x0000000084e00000, 0x0000000084f00000|  0%| F|  |TAMS 0x0000000084e00000, 0x0000000084e00000| Untracked 
|  41|0x0000000084f00000, 0x0000000084f00000, 0x0000000085000000|  0%| F|  |TAMS 0x0000000084f00000, 0x0000000084f00000| Untracked 
|  42|0x0000000085000000, 0x0000000085000000, 0x0000000085100000|  0%| F|  |TAMS 0x0000000085000000, 0x0000000085000000| Untracked 
|  43|0x0000000085100000, 0x0000000085100000, 0x0000000085200000|  0%| F|  |TAMS 0x0000000085100000, 0x0000000085100000| Untracked 
|  44|0x0000000085200000, 0x0000000085200000, 0x0000000085300000|  0%| F|  |TAMS 0x0000000085200000, 0x0000000085200000| Untracked 
|  45|0x0000000085300000, 0x0000000085300000, 0x0000000085400000|  0%| F|  |TAMS 0x0000000085300000, 0x0000000085300000| Untracked 
|  46|0x0000000085400000, 0x0000000085400000, 0x0000000085500000|  0%| F|  |TAMS 0x0000000085400000, 0x0000000085400000| Untracked 
|  47|0x0000000085500000, 0x0000000085500000, 0x0000000085600000|  0%| F|  |TAMS 0x0000000085500000, 0x0000000085500000| Untracked 
|  48|0x0000000085600000, 0x0000000085600000, 0x0000000085700000|  0%| F|  |TAMS 0x0000000085600000, 0x0000000085600000| Untracked 
|  49|0x0000000085700000, 0x0000000085700000, 0x0000000085800000|  0%| F|  |TAMS 0x0000000085700000, 0x0000000085700000| Untracked 
|  50|0x0000000085800000, 0x0000000085800000, 0x0000000085900000|  0%| F|  |TAMS 0x0000000085800000, 0x0000000085800000| Untracked 
|  51|0x0000000085900000, 0x0000000085900000, 0x0000000085a00000|  0%| F|  |TAMS 0x0000000085900000, 0x0000000085900000| Untracked 
|  52|0x0000000085a00000, 0x0000000085a00000, 0x0000000085b00000|  0%| F|  |TAMS 0x0000000085a00000, 0x0000000085a00000| Untracked 
|  53|0x0000000085b00000, 0x0000000085b00000, 0x0000000085c00000|  0%| F|  |TAMS 0x0000000085b00000, 0x0000000085b00000| Untracked 
|  54|0x0000000085c00000, 0x0000000085c00000, 0x0000000085d00000|  0%| F|  |TAMS 0x0000000085c00000, 0x0000000085c00000| Untracked 
|  55|0x0000000085d00000, 0x0000000085d00000, 0x0000000085e00000|  0%| F|  |TAMS 0x0000000085d00000, 0x0000000085d00000| Untracked 
|  56|0x0000000085e00000, 0x0000000085e00000, 0x0000000085f00000|  0%| F|  |TAMS 0x0000000085e00000, 0x0000000085e00000| Untracked 
|  57|0x0000000085f00000, 0x0000000085f00000, 0x0000000086000000|  0%| F|  |TAMS 0x0000000085f00000, 0x0000000085f00000| Untracked 
|  58|0x0000000086000000, 0x0000000086000000, 0x0000000086100000|  0%| F|  |TAMS 0x0000000086000000, 0x0000000086000000| Untracked 
|  59|0x0000000086100000, 0x0000000086100000, 0x0000000086200000|  0%| F|  |TAMS 0x0000000086100000, 0x0000000086100000| Untracked 
|  60|0x0000000086200000, 0x0000000086200000, 0x0000000086300000|  0%| F|  |TAMS 0x0000000086200000, 0x0000000086200000| Untracked 
|  61|0x0000000086300000, 0x0000000086300000, 0x0000000086400000|  0%| F|  |TAMS 0x0000000086300000, 0x0000000086300000| Untracked 
|  62|0x0000000086400000, 0x0000000086400000, 0x0000000086500000|  0%| F|  |TAMS 0x0000000086400000, 0x0000000086400000| Untracked 
|  63|0x0000000086500000, 0x0000000086500000, 0x0000000086600000|  0%| F|  |TAMS 0x0000000086500000, 0x0000000086500000| Untracked 
|  64|0x0000000086600000, 0x0000000086600000, 0x0000000086700000|  0%| F|  |TAMS 0x0000000086600000, 0x0000000086600000| Untracked 
|  65|0x0000000086700000, 0x0000000086700000, 0x0000000086800000|  0%| F|  |TAMS 0x0000000086700000, 0x0000000086700000| Untracked 
|  66|0x0000000086800000, 0x0000000086800000, 0x0000000086900000|  0%| F|  |TAMS 0x0000000086800000, 0x0000000086800000| Untracked 
|  67|0x0000000086900000, 0x0000000086900000, 0x0000000086a00000|  0%| F|  |TAMS 0x0000000086900000, 0x0000000086900000| Untracked 
|  68|0x0000000086a00000, 0x0000000086a00000, 0x0000000086b00000|  0%| F|  |TAMS 0x0000000086a00000, 0x0000000086a00000| Untracked 
|  69|0x0000000086b00000, 0x0000000086b00000, 0x0000000086c00000|  0%| F|  |TAMS 0x0000000086b00000, 0x0000000086b00000| Untracked 
|  70|0x0000000086c00000, 0x0000000086c00000, 0x0000000086d00000|  0%| F|  |TAMS 0x0000000086c00000, 0x0000000086c00000| Untracked 
|  71|0x0000000086d00000, 0x0000000086d00000, 0x0000000086e00000|  0%| F|  |TAMS 0x0000000086d00000, 0x0000000086d00000| Untracked 
|  72|0x0000000086e00000, 0x0000000086e00000, 0x0000000086f00000|  0%| F|  |TAMS 0x0000000086e00000, 0x0000000086e00000| Untracked 
|  73|0x0000000086f00000, 0x0000000086f00000, 0x0000000087000000|  0%| F|  |TAMS 0x0000000086f00000, 0x0000000086f00000| Untracked 
|  74|0x0000000087000000, 0x0000000087000000, 0x0000000087100000|  0%| F|  |TAMS 0x0000000087000000, 0x0000000087000000| Untracked 
|  75|0x0000000087100000, 0x0000000087100000, 0x0000000087200000|  0%| F|  |TAMS 0x0000000087100000, 0x0000000087100000| Untracked 
|  76|0x0000000087200000, 0x0000000087200000, 0x0000000087300000|  0%| F|  |TAMS 0x0000000087200000, 0x0000000087200000| Untracked 
|  77|0x0000000087300000, 0x0000000087300000, 0x0000000087400000|  0%| F|  |TAMS 0x0000000087300000, 0x0000000087300000| Untracked 
|  78|0x0000000087400000, 0x0000000087400000, 0x0000000087500000|  0%| F|  |TAMS 0x0000000087400000, 0x0000000087400000| Untracked 
|  79|0x0000000087500000, 0x0000000087500000, 0x0000000087600000|  0%| F|  |TAMS 0x0000000087500000, 0x0000000087500000| Untracked 
|  80|0x0000000087600000, 0x0000000087600000, 0x0000000087700000|  0%| F|  |TAMS 0x0000000087600000, 0x0000000087600000| Untracked 
|  81|0x0000000087700000, 0x0000000087700000, 0x0000000087800000|  0%| F|  |TAMS 0x0000000087700000, 0x0000000087700000| Untracked 
|  82|0x0000000087800000, 0x0000000087800000, 0x0000000087900000|  0%| F|  |TAMS 0x0000000087800000, 0x0000000087800000| Untracked 
|  83|0x0000000087900000, 0x0000000087900000, 0x0000000087a00000|  0%| F|  |TAMS 0x0000000087900000, 0x0000000087900000| Untracked 
|  84|0x0000000087a00000, 0x0000000087a00000, 0x0000000087b00000|  0%| F|  |TAMS 0x0000000087a00000, 0x0000000087a00000| Untracked 
|  85|0x0000000087b00000, 0x0000000087b00000, 0x0000000087c00000|  0%| F|  |TAMS 0x0000000087b00000, 0x0000000087b00000| Untracked 
|  86|0x0000000087c00000, 0x0000000087c00000, 0x0000000087d00000|  0%| F|  |TAMS 0x0000000087c00000, 0x0000000087c00000| Untracked 
|  87|0x0000000087d00000, 0x0000000087d00000, 0x0000000087e00000|  0%| F|  |TAMS 0x0000000087d00000, 0x0000000087d00000| Untracked 
|  88|0x0000000087e00000, 0x0000000087e00000, 0x0000000087f00000|  0%| F|  |TAMS 0x0000000087e00000, 0x0000000087e00000| Untracked 
|  89|0x0000000087f00000, 0x0000000087f00000, 0x0000000088000000|  0%| F|  |TAMS 0x0000000087f00000, 0x0000000087f00000| Untracked 
|  90|0x0000000088000000, 0x0000000088000000, 0x0000000088100000|  0%| F|  |TAMS 0x0000000088000000, 0x0000000088000000| Untracked 
|  91|0x0000000088100000, 0x0000000088100000, 0x0000000088200000|  0%| F|  |TAMS 0x0000000088100000, 0x0000000088100000| Untracked 
|  92|0x0000000088200000, 0x0000000088200000, 0x0000000088300000|  0%| F|  |TAMS 0x0000000088200000, 0x0000000088200000| Untracked 
|  93|0x0000000088300000, 0x0000000088300000, 0x0000000088400000|  0%| F|  |TAMS 0x0000000088300000, 0x0000000088300000| Untracked 
|  94|0x0000000088400000, 0x0000000088400000, 0x0000000088500000|  0%| F|  |TAMS 0x0000000088400000, 0x0000000088400000| Untracked 
|  95|0x0000000088500000, 0x0000000088500000, 0x0000000088600000|  0%| F|  |TAMS 0x0000000088500000, 0x0000000088500000| Untracked 
|  96|0x0000000088600000, 0x0000000088600000, 0x0000000088700000|  0%| F|  |TAMS 0x0000000088600000, 0x0000000088600000| Untracked 
|  97|0x0000000088700000, 0x0000000088700000, 0x0000000088800000|  0%| F|  |TAMS 0x0000000088700000, 0x0000000088700000| Untracked 
|  98|0x0000000088800000, 0x0000000088800000, 0x0000000088900000|  0%| F|  |TAMS 0x0000000088800000, 0x0000000088800000| Untracked 
|  99|0x0000000088900000, 0x0000000088900000, 0x0000000088a00000|  0%| F|  |TAMS 0x0000000088900000, 0x0000000088900000| Untracked 
| 100|0x0000000088a00000, 0x0000000088a00000, 0x0000000088b00000|  0%| F|  |TAMS 0x0000000088a00000, 0x0000000088a00000| Untracked 
| 101|0x0000000088b00000, 0x0000000088b00000, 0x0000000088c00000|  0%| F|  |TAMS 0x0000000088b00000, 0x0000000088b00000| Untracked 
| 102|0x0000000088c00000, 0x0000000088c00000, 0x0000000088d00000|  0%| F|  |TAMS 0x0000000088c00000, 0x0000000088c00000| Untracked 
| 103|0x0000000088d00000, 0x0000000088d00000, 0x0000000088e00000|  0%| F|  |TAMS 0x0000000088d00000, 0x0000000088d00000| Untracked 
| 104|0x0000000088e00000, 0x0000000088e00000, 0x0000000088f00000|  0%| F|  |TAMS 0x0000000088e00000, 0x0000000088e00000| Untracked 
| 105|0x0000000088f00000, 0x0000000088f00000, 0x0000000089000000|  0%| F|  |TAMS 0x0000000088f00000, 0x0000000088f00000| Untracked 
| 106|0x0000000089000000, 0x0000000089000000, 0x0000000089100000|  0%| F|  |TAMS 0x0000000089000000, 0x0000000089000000| Untracked 
| 107|0x0000000089100000, 0x0000000089100000, 0x0000000089200000|  0%| F|  |TAMS 0x0000000089100000, 0x0000000089100000| Untracked 
| 108|0x0000000089200000, 0x0000000089200000, 0x0000000089300000|  0%| F|  |TAMS 0x0000000089200000, 0x0000000089200000| Untracked 
| 109|0x0000000089300000, 0x0000000089300000, 0x0000000089400000|  0%| F|  |TAMS 0x0000000089300000, 0x0000000089300000| Untracked 
| 110|0x0000000089400000, 0x0000000089400000, 0x0000000089500000|  0%| F|  |TAMS 0x0000000089400000, 0x0000000089400000| Untracked 
| 111|0x0000000089500000, 0x0000000089500000, 0x0000000089600000|  0%| F|  |TAMS 0x0000000089500000, 0x0000000089500000| Untracked 
| 112|0x0000000089600000, 0x0000000089600000, 0x0000000089700000|  0%| F|  |TAMS 0x0000000089600000, 0x0000000089600000| Untracked 
| 113|0x0000000089700000, 0x00000000897edec8, 0x0000000089800000| 92%| E|  |TAMS 0x0000000089700000, 0x0000000089700000| Complete 
| 114|0x0000000089800000, 0x0000000089900000, 0x0000000089900000|100%| E|CS|TAMS 0x0000000089800000, 0x0000000089800000| Complete 
| 115|0x0000000089900000, 0x0000000089a00000, 0x0000000089a00000|100%| E|CS|TAMS 0x0000000089900000, 0x0000000089900000| Complete 
| 116|0x0000000089a00000, 0x0000000089b00000, 0x0000000089b00000|100%| E|CS|TAMS 0x0000000089a00000, 0x0000000089a00000| Complete 
| 117|0x0000000089b00000, 0x0000000089c00000, 0x0000000089c00000|100%| E|  |TAMS 0x0000000089b00000, 0x0000000089b00000| Complete 
| 118|0x0000000089c00000, 0x0000000089d00000, 0x0000000089d00000|100%| E|CS|TAMS 0x0000000089c00000, 0x0000000089c00000| Complete 
| 119|0x0000000089d00000, 0x0000000089e00000, 0x0000000089e00000|100%| E|CS|TAMS 0x0000000089d00000, 0x0000000089d00000| Complete 
| 120|0x0000000089e00000, 0x0000000089f00000, 0x0000000089f00000|100%| E|CS|TAMS 0x0000000089e00000, 0x0000000089e00000| Complete 
| 121|0x0000000089f00000, 0x000000008a000000, 0x000000008a000000|100%| E|CS|TAMS 0x0000000089f00000, 0x0000000089f00000| Complete 
| 122|0x000000008a000000, 0x000000008a100000, 0x000000008a100000|100%| E|CS|TAMS 0x000000008a000000, 0x000000008a000000| Complete 
| 123|0x000000008a100000, 0x000000008a200000, 0x000000008a200000|100%| E|CS|TAMS 0x000000008a100000, 0x000000008a100000| Complete 
| 124|0x000000008a200000, 0x000000008a300000, 0x000000008a300000|100%| E|CS|TAMS 0x000000008a200000, 0x000000008a200000| Complete 
| 125|0x000000008a300000, 0x000000008a400000, 0x000000008a400000|100%| E|CS|TAMS 0x000000008a300000, 0x000000008a300000| Complete 

Card table byte_map: [0x000001d7dfb10000,0x000001d7dff00000] _byte_map_base: 0x000001d7df6fd000

Marking Bits (Prev, Next): (CMBitMap*) 0x000001d7cc559710, (CMBitMap*) 0x000001d7cc559750
 Prev Bits: [0x000001d7e02f0000, 0x000001d7e2258000)
 Next Bits: [0x000001d7e2260000, 0x000001d7e41c8000)

Polling page: 0x000001d7cac70000

Metaspace:

Usage:
  Non-class:     13.25 MB used.
      Class:      1.54 MB used.
       Both:     14.78 MB used.

Virtual space:
  Non-class space:       64.00 MB reserved,      13.31 MB ( 21%) committed,  1 nodes.
      Class space:        1.00 GB reserved,       1.69 MB ( <1%) committed,  1 nodes.
             Both:        1.06 GB reserved,      15.00 MB (  1%) committed. 

Chunk freelists:
   Non-Class:  2.58 MB
       Class:  14.23 MB
        Both:  16.81 MB

MaxMetaspaceSize: unlimited
CompressedClassSpaceSize: 1.00 GB
Initial GC threshold: 21.00 MB
Current GC threshold: 21.00 MB
CDS: off
MetaspaceReclaimPolicy: balanced
 - commit_granule_bytes: 65536.
 - commit_granule_words: 8192.
 - virtual_space_node_default_size: 8388608.
 - enlarge_chunks_in_place: 1.
 - new_chunks_are_fully_committed: 0.
 - uncommit_free_chunks: 1.
 - use_allocation_guard: 0.
 - handle_deallocations: 1.


Internal statistics:

num_allocs_failed_limit: 0.
num_arena_births: 120.
num_arena_deaths: 0.
num_vsnodes_births: 2.
num_vsnodes_deaths: 0.
num_space_committed: 241.
num_space_uncommitted: 0.
num_chunks_returned_to_freelist: 0.
num_chunks_taken_from_freelist: 243.
num_chunk_merges: 0.
num_chunk_splits: 145.
num_chunks_enlarged: 90.
num_inconsistent_stats: 0.

CodeHeap 'non-profiled nmethods': size=120000Kb used=268Kb max_used=268Kb free=119731Kb
 bounds [0x000001d7d7790000, 0x000001d7d7a00000, 0x000001d7decc0000]
CodeHeap 'profiled nmethods': size=120000Kb used=1418Kb max_used=1418Kb free=118581Kb
 bounds [0x000001d7cfcc0000, 0x000001d7cff30000, 0x000001d7d71f0000]
CodeHeap 'non-nmethods': size=5760Kb used=1185Kb max_used=1193Kb free=4574Kb
 bounds [0x000001d7d71f0000, 0x000001d7d7460000, 0x000001d7d7790000]
 total_blobs=1402 nmethods=924 adapters=391
 compilation: enabled
              stopped_count=0, restarted_count=0
 full_count=0

Compilation events (20 events):
Event: 1.658 Thread 0x000001d7eb0647d0  872       3       java.lang.StringConcatHelper::initialCoder (14 bytes)
Event: 1.659 Thread 0x000001d7eb0647d0 nmethod 872 0x000001d7cfe03590 code [0x000001d7cfe03720, 0x000001d7cfe03838]
Event: 1.659 Thread 0x000001d7eb0647d0  873       3       java.lang.invoke.DirectMethodHandle::preparedLambdaForm (244 bytes)
Event: 1.668 Thread 0x000001d7eb0647d0 nmethod 873 0x000001d7cfe03890 code [0x000001d7cfe03b80, 0x000001d7cfe04ab8]
Event: 1.669 Thread 0x000001d7eb0647d0  874       3       jdk.internal.org.objectweb.asm.MethodWriter::<init> (232 bytes)
Event: 1.676 Thread 0x000001d7eb0647d0 nmethod 874 0x000001d7cfe05090 code [0x000001d7cfe05320, 0x000001d7cfe06098]
Event: 1.677 Thread 0x000001d7eb0647d0  877       3       java.lang.AbstractStringBuilder::append (55 bytes)
Event: 1.679 Thread 0x000001d7eb0647d0 nmethod 877 0x000001d7cfe06590 code [0x000001d7cfe06760, 0x000001d7cfe06a98]
Event: 1.680 Thread 0x000001d7eb0647d0  880       3       java.util.RegularEnumSet::isEmpty (15 bytes)
Event: 1.681 Thread 0x000001d7eb0647d0 nmethod 880 0x000001d7cfe06c10 code [0x000001d7cfe06da0, 0x000001d7cfe06f18]
Event: 1.681 Thread 0x000001d7eb0647d0  881       3       java.util.Arrays$ArrayList::indexOf (62 bytes)
Event: 1.683 Thread 0x000001d7eb0647d0 nmethod 881 0x000001d7cfe06f90 code [0x000001d7cfe07160, 0x000001d7cfe075e8]
Event: 1.683 Thread 0x000001d7eb0647d0  882       3       java.lang.Byte::<init> (10 bytes)
Event: 1.685 Thread 0x000001d7eb0647d0 nmethod 882 0x000001d7cfe07790 code [0x000001d7cfe07940, 0x000001d7cfe07b18]
Event: 1.685 Thread 0x000001d7eb0647d0  879       3       jdk.internal.misc.Unsafe::makeLong (25 bytes)
Event: 1.687 Thread 0x000001d7eb0647d0 nmethod 879 0x000001d7cfe07c10 code [0x000001d7cfe07dc0, 0x000001d7cfe08078]
Event: 1.687 Thread 0x000001d7eb0647d0  883       3       java.lang.invoke.VarHandleGuards::guard_LI_I (78 bytes)
Event: 1.696 Thread 0x000001d7eb0647d0 nmethod 883 0x000001d7cfe08190 code [0x000001d7cfe084e0, 0x000001d7cfe0a108]
Event: 1.697 Thread 0x000001d7eb0647d0  875       3       java.lang.String::rangeCheck (9 bytes)
Event: 1.698 Thread 0x000001d7eb0647d0 nmethod 875 0x000001d7cfe0a990 code [0x000001d7cfe0ab40, 0x000001d7cfe0ac68]

GC Heap History (0 events):
No events

Dll operation events (1 events):
Event: 0.030 Loaded shared library C:\Program Files\JetBrains\PyCharm Community Edition 2024.1.1\jbr\bin\java.dll

Deoptimization events (16 events):
Event: 1.008 Thread 0x000001d7cc4fe0d0 DEOPT PACKING pc=0x000001d7cfcf0d2d sp=0x0000004d311fdc70
Event: 1.008 Thread 0x000001d7cc4fe0d0 DEOPT UNPACKING pc=0x000001d7d7247143 sp=0x0000004d311fd108 mode 0
Event: 1.015 Thread 0x000001d7cc4fe0d0 DEOPT PACKING pc=0x000001d7cfcf0d2d sp=0x0000004d311fdc70
Event: 1.015 Thread 0x000001d7cc4fe0d0 DEOPT UNPACKING pc=0x000001d7d7247143 sp=0x0000004d311fd108 mode 0
Event: 1.222 Thread 0x000001d7cc4fe0d0 DEOPT PACKING pc=0x000001d7cfcd51e7 sp=0x0000004d311fa300
Event: 1.222 Thread 0x000001d7cc4fe0d0 DEOPT UNPACKING pc=0x000001d7d7247143 sp=0x0000004d311f9720 mode 0
Event: 1.337 Thread 0x000001d7cc4fe0d0 Uncommon trap: trap_request=0xffffff45 fr.pc=0x000001d7d77ae19c relative=0x00000000000003fc
Event: 1.337 Thread 0x000001d7cc4fe0d0 Uncommon trap: reason=unstable_if action=reinterpret pc=0x000001d7d77ae19c method=java.lang.StringLatin1.newString([BII)Ljava/lang/String; @ 1 c2
Event: 1.337 Thread 0x000001d7cc4fe0d0 DEOPT PACKING pc=0x000001d7d77ae19c sp=0x0000004d311fe420
Event: 1.337 Thread 0x000001d7cc4fe0d0 DEOPT UNPACKING pc=0x000001d7d72469a3 sp=0x0000004d311fe3e8 mode 2
Event: 1.404 Thread 0x000001d7cc4fe0d0 DEOPT PACKING pc=0x000001d7cfcd4551 sp=0x0000004d311fc700
Event: 1.404 Thread 0x000001d7cc4fe0d0 DEOPT UNPACKING pc=0x000001d7d7247143 sp=0x0000004d311fbb78 mode 0
Event: 1.560 Thread 0x000001d7eb5878f0 Uncommon trap: trap_request=0xffffff45 fr.pc=0x000001d7d77b043c relative=0x000000000000027c
Event: 1.560 Thread 0x000001d7eb5878f0 Uncommon trap: reason=unstable_if action=reinterpret pc=0x000001d7d77b043c method=java.lang.invoke.VarHandle.checkExactAccessMode(Ljava/lang/invoke/VarHandle$AccessDescriptor;)V @ 4 c2
Event: 1.560 Thread 0x000001d7eb5878f0 DEOPT PACKING pc=0x000001d7d77b043c sp=0x0000004d324ff420
Event: 1.560 Thread 0x000001d7eb5878f0 DEOPT UNPACKING pc=0x000001d7d72469a3 sp=0x0000004d324ff390 mode 2

Classes unloaded (0 events):
No events

Classes redefined (0 events):
No events

Internal exceptions (20 events):
Event: 0.617 Thread 0x000001d7cc4fe0d0 Exception <a 'java/lang/NoSuchMethodError'{0x000000008a040ba0}: 'void java.lang.invoke.DirectMethodHandle$Holder.invokeStaticInit(java.lang.Object, java.lang.Object)'> (0x000000008a040ba0) 
thrown [s\src\hotspot\share\interpreter\linkResolver.cpp, line 771]
Event: 0.624 Thread 0x000001d7cc4fe0d0 Exception <a 'java/lang/NoSuchMethodError'{0x000000008a0475d8}: 'int java.lang.invoke.DirectMethodHandle$Holder.invokeStaticInit(java.lang.Object, java.lang.Object)'> (0x000000008a0475d8) 
thrown [s\src\hotspot\share\interpreter\linkResolver.cpp, line 771]
Event: 0.733 Thread 0x000001d7cc4fe0d0 Exception <a 'java/lang/NoSuchMethodError'{0x0000000089f2e478}: 'java.lang.Object java.lang.invoke.DirectMethodHandle$Holder.invokeStaticInit(java.lang.Object, int, int, int, int)'> (0x0000000089f2e478) 
thrown [s\src\hotspot\share\interpreter\linkResolver.cpp, line 771]
Event: 1.021 Thread 0x000001d7cc4fe0d0 Exception <a 'java/lang/NoSuchMethodError'{0x0000000089e108b8}: 'java.lang.Object java.lang.invoke.DirectMethodHandle$Holder.invokeStaticInit(java.lang.Object, java.lang.Object, int, int, int, int)'> (0x0000000089e108b8) 
thrown [s\src\hotspot\share\interpreter\linkResolver.cpp, line 771]
Event: 1.043 Thread 0x000001d7cc4fe0d0 Exception <a 'java/lang/NoSuchMethodError'{0x0000000089e79730}: 'java.lang.Object java.lang.invoke.DirectMethodHandle$Holder.invokeStatic(java.lang.Object, java.lang.Object, int)'> (0x0000000089e79730) 
thrown [s\src\hotspot\share\interpreter\linkResolver.cpp, line 771]
Event: 1.043 Thread 0x000001d7cc4fe0d0 Exception <a 'java/lang/NoSuchMethodError'{0x0000000089e7cea8}: 'java.lang.Object java.lang.invoke.DirectMethodHandle$Holder.invokeStaticInit(java.lang.Object, java.lang.Object, int)'> (0x0000000089e7cea8) 
thrown [s\src\hotspot\share\interpreter\linkResolver.cpp, line 771]
Event: 1.044 Thread 0x000001d7cc4fe0d0 Exception <a 'java/lang/NoSuchMethodError'{0x0000000089e83258}: 'java.lang.Object java.lang.invoke.DirectMethodHandle$Holder.newInvokeSpecial(java.lang.Object, java.lang.Object, int)'> (0x0000000089e83258) 
thrown [s\src\hotspot\share\interpreter\linkResolver.cpp, line 771]
Event: 1.048 Thread 0x000001d7cc4fe0d0 Exception <a 'java/lang/NoSuchMethodError'{0x0000000089e929e0}: 'int java.lang.invoke.DirectMethodHandle$Holder.invokeStaticInit(java.lang.Object, java.lang.Object, java.lang.Object)'> (0x0000000089e929e0) 
thrown [s\src\hotspot\share\interpreter\linkResolver.cpp, line 771]
Event: 1.051 Thread 0x000001d7cc4fe0d0 Exception <a 'java/lang/NoSuchMethodError'{0x0000000089ea2bc0}: 'int java.lang.invoke.DirectMethodHandle$Holder.invokeSpecial(java.lang.Object, java.lang.Object, java.lang.Object)'> (0x0000000089ea2bc0) 
thrown [s\src\hotspot\share\interpreter\linkResolver.cpp, line 771]
Event: 1.053 Thread 0x000001d7cc4fe0d0 Exception <a 'java/lang/NoSuchMethodError'{0x0000000089eaafa0}: 'int java.lang.invoke.DirectMethodHandle$Holder.invokeSpecialIFC(java.lang.Object, java.lang.Object, java.lang.Object)'> (0x0000000089eaafa0) 
thrown [s\src\hotspot\share\interpreter\linkResolver.cpp, line 771]
Event: 1.102 Thread 0x000001d7cc4fe0d0 Exception <a 'java/lang/NoSuchMethodError'{0x0000000089d37bd8}: 'java.lang.Object java.lang.invoke.DirectMethodHandle$Holder.invokeStaticInit(java.lang.Object)'> (0x0000000089d37bd8) 
thrown [s\src\hotspot\share\interpreter\linkResolver.cpp, line 771]
Event: 1.380 Thread 0x000001d7cc4fe0d0 Exception <a 'java/lang/NoSuchMethodError'{0x0000000089cf7040}: 'java.lang.Object java.lang.invoke.DirectMethodHandle$Holder.newInvokeSpecial(java.lang.Object, java.lang.Object, java.lang.Object, java.lang.Object, java.lang.Object)'> (0x0000000089cf7040) 
thrown [s\src\hotspot\share\interpreter\linkResolver.cpp, line 771]
Event: 1.498 Thread 0x000001d7cc4fe0d0 Exception <a 'java/lang/NoSuchMethodError'{0x0000000089a849d8}: 'java.lang.Object java.lang.invoke.DirectMethodHandle$Holder.invokeSpecial(java.lang.Object, java.lang.Object, java.lang.Object, java.lang.Object, int)'> (0x0000000089a849d8) 
thrown [s\src\hotspot\share\interpreter\linkResolver.cpp, line 771]
Event: 1.499 Thread 0x000001d7cc4fe0d0 Exception <a 'java/lang/NoSuchMethodError'{0x0000000089a885a0}: 'java.lang.Object java.lang.invoke.Invokers$Holder.linkToTargetMethod(java.lang.Object, java.lang.Object, int, java.lang.Object)'> (0x0000000089a885a0) 
thrown [s\src\hotspot\share\interpreter\linkResolver.cpp, line 771]
Event: 1.522 Thread 0x000001d7cc4fe0d0 Exception <a 'java/lang/NoSuchMethodError'{0x0000000089ae9ad8}: 'void java.lang.invoke.DirectMethodHandle$Holder.invokeSpecial(java.lang.Object, java.lang.Object, java.lang.Object)'> (0x0000000089ae9ad8) 
thrown [s\src\hotspot\share\interpreter\linkResolver.cpp, line 771]
Event: 1.567 Thread 0x000001d7eb5878f0 Exception <a 'java/lang/NoSuchMethodError'{0x0000000089c98468}: 'void java.lang.invoke.DirectMethodHandle$Holder.invokeStatic(java.lang.Object, java.lang.Object, int)'> (0x0000000089c98468) 
thrown [s\src\hotspot\share\interpreter\linkResolver.cpp, line 771]
Event: 1.570 Thread 0x000001d7cc4fe0d0 Exception <a 'java/lang/NoSuchMethodError'{0x0000000089970d60}: 'void java.lang.invoke.DirectMethodHandle$Holder.invokeSpecial(java.lang.Object, java.lang.Object, java.lang.Object, java.lang.Object, java.lang.Object)'> (0x0000000089970d60) 
thrown [s\src\hotspot\share\interpreter\linkResolver.cpp, line 771]
Event: 1.610 Thread 0x000001d7eb683460 Exception <a 'java/lang/NoSuchMethodError'{0x0000000089813430}: 'void java.lang.invoke.DirectMethodHandle$Holder.invokeInterface(java.lang.Object, java.lang.Object, java.lang.Object)'> (0x0000000089813430) 
thrown [s\src\hotspot\share\interpreter\linkResolver.cpp, line 771]
Event: 1.618 Thread 0x000001d7eb683460 Exception <a 'java/lang/NoSuchMethodError'{0x0000000089829918}: 'int java.lang.invoke.DirectMethodHandle$Holder.invokeStaticInit(java.lang.Object, int, int)'> (0x0000000089829918) 
thrown [s\src\hotspot\share\interpreter\linkResolver.cpp, line 771]
Event: 1.636 Thread 0x000001d7eb683460 Exception <a 'java/lang/NoSuchMethodError'{0x000000008986c090}: 'void java.lang.invoke.DirectMethodHandle$Holder.invokeVirtual(java.lang.Object, java.lang.Object)'> (0x000000008986c090) 
thrown [s\src\hotspot\share\interpreter\linkResolver.cpp, line 771]

VM Operations (10 events):
Event: 0.294 Executing VM operation: HandshakeAllThreads
Event: 0.294 Executing VM operation: HandshakeAllThreads done
Event: 0.332 Executing VM operation: HandshakeAllThreads
Event: 0.332 Executing VM operation: HandshakeAllThreads done
Event: 0.786 Executing VM operation: HandshakeAllThreads
Event: 0.786 Executing VM operation: HandshakeAllThreads done
Event: 1.110 Executing VM operation: HandshakeAllThreads
Event: 1.110 Executing VM operation: HandshakeAllThreads done
Event: 1.110 Executing VM operation: Cleanup
Event: 1.110 Executing VM operation: Cleanup done

Events (20 events):
Event: 1.696 loading class sun/security/ssl/ServerNameExtension$EEServerNameConsumer
Event: 1.697 loading class sun/security/ssl/ServerNameExtension$EEServerNameConsumer done
Event: 1.697 loading class sun/security/ssl/MaxFragExtension
Event: 1.698 loading class sun/security/ssl/MaxFragExtension done
Event: 1.699 loading class sun/security/ssl/MaxFragExtension$CHMaxFragmentLengthProducer
Event: 1.699 loading class sun/security/ssl/MaxFragExtension$CHMaxFragmentLengthProducer done
Event: 1.699 loading class sun/security/ssl/MaxFragExtension$CHMaxFragmentLengthConsumer
Event: 1.699 loading class sun/security/ssl/MaxFragExtension$CHMaxFragmentLengthConsumer done
Event: 1.699 loading class sun/security/ssl/MaxFragExtension$SHMaxFragmentLengthProducer
Event: 1.700 loading class sun/security/ssl/MaxFragExtension$SHMaxFragmentLengthProducer done
Event: 1.700 loading class sun/security/ssl/MaxFragExtension$SHMaxFragmentLengthConsumer
Event: 1.700 loading class sun/security/ssl/MaxFragExtension$SHMaxFragmentLengthConsumer done
Event: 1.700 loading class sun/security/ssl/MaxFragExtension$SHMaxFragmentLengthUpdate
Event: 1.700 loading class sun/security/ssl/MaxFragExtension$SHMaxFragmentLengthUpdate done
Event: 1.700 loading class sun/security/ssl/MaxFragExtension$EEMaxFragmentLengthProducer
Event: 1.701 loading class sun/security/ssl/MaxFragExtension$EEMaxFragmentLengthProducer done
Event: 1.701 loading class sun/security/ssl/MaxFragExtension$EEMaxFragmentLengthConsumer
Event: 1.702 loading class sun/security/ssl/MaxFragExtension$EEMaxFragmentLengthConsumer done
Event: 1.702 loading class sun/security/ssl/MaxFragExtension$EEMaxFragmentLengthUpdate
Event: 1.702 loading class sun/security/ssl/MaxFragExtension$EEMaxFragmentLengthUpdate done


Dynamic libraries:
0x00007ff79f280000 - 0x00007ff79f28a000 	C:\Program Files\JetBrains\PyCharm Community Edition 2024.1.1\jbr\bin\java.exe
0x00007ffbf17c0000 - 0x00007ffbf1a23000 	C:\WINDOWS\SYSTEM32\ntdll.dll
0x00007ffbef710000 - 0x00007ffbef7d7000 	C:\WINDOWS\System32\KERNEL32.DLL
0x00007ffbeeb60000 - 0x00007ffbeef27000 	C:\WINDOWS\System32\KERNELBASE.dll
0x00007ffbef3f0000 - 0x00007ffbef53c000 	C:\WINDOWS\System32\ucrtbase.dll
0x00007ffbb3520000 - 0x00007ffbb3537000 	C:\Program Files\JetBrains\PyCharm Community Edition 2024.1.1\jbr\bin\jli.dll
0x00007ffb6ce30000 - 0x00007ffb6ce4b000 	C:\Program Files\JetBrains\PyCharm Community Edition 2024.1.1\jbr\bin\VCRUNTIME140.dll
0x00007ffbf0520000 - 0x00007ffbf06e9000 	C:\WINDOWS\System32\USER32.dll
0x00007ffbd5590000 - 0x00007ffbd5820000 	C:\WINDOWS\WinSxS\amd64_microsoft.windows.common-controls_6595b64144ccf1df_6.0.26100.3037_none_3e09262ce333c378\COMCTL32.dll
0x00007ffbeefc0000 - 0x00007ffbeefe7000 	C:\WINDOWS\System32\win32u.dll
0x00007ffbf0780000 - 0x00007ffbf0829000 	C:\WINDOWS\System32\msvcrt.dll
0x00007ffbf1650000 - 0x00007ffbf167a000 	C:\WINDOWS\System32\GDI32.dll
0x00007ffbef220000 - 0x00007ffbef34b000 	C:\WINDOWS\System32\gdi32full.dll
0x00007ffbeeff0000 - 0x00007ffbef093000 	C:\WINDOWS\System32\msvcp_win.dll
0x00007ffbf0ff0000 - 0x00007ffbf101f000 	C:\WINDOWS\System32\IMM32.DLL
0x00007ffbc8740000 - 0x00007ffbc874c000 	C:\Program Files\JetBrains\PyCharm Community Edition 2024.1.1\jbr\bin\vcruntime140_1.dll
0x00007ffb50b60000 - 0x00007ffb50bed000 	C:\Program Files\JetBrains\PyCharm Community Edition 2024.1.1\jbr\bin\msvcp140.dll
0x00007ffb542b0000 - 0x00007ffb54f32000 	C:\Program Files\JetBrains\PyCharm Community Edition 2024.1.1\jbr\bin\server\jvm.dll
0x00007ffbef7e0000 - 0x00007ffbef894000 	C:\WINDOWS\System32\ADVAPI32.dll
0x00007ffbf02a0000 - 0x00007ffbf0346000 	C:\WINDOWS\System32\sechost.dll
0x00007ffbef8a0000 - 0x00007ffbef9b6000 	C:\WINDOWS\System32\RPCRT4.dll
0x00007ffbee9f0000 - 0x00007ffbeea3e000 	C:\WINDOWS\SYSTEM32\POWRPROF.dll
0x00007ffbd4d10000 - 0x00007ffbd4d46000 	C:\WINDOWS\SYSTEM32\WINMM.dll
0x00007ffbc9a60000 - 0x00007ffbc9a6a000 	C:\WINDOWS\SYSTEM32\WSOCK32.dll
0x00007ffbe66e0000 - 0x00007ffbe66eb000 	C:\WINDOWS\SYSTEM32\VERSION.dll
0x00007ffbef600000 - 0x00007ffbef674000 	C:\WINDOWS\System32\WS2_32.dll
0x00007ffbee9d0000 - 0x00007ffbee9e4000 	C:\WINDOWS\SYSTEM32\UMPDC.dll
0x00007ffbed950000 - 0x00007ffbed96a000 	C:\WINDOWS\SYSTEM32\kernel.appcore.dll
0x00007ffbd95b0000 - 0x00007ffbd95ba000 	C:\Program Files\JetBrains\PyCharm Community Edition 2024.1.1\jbr\bin\jimage.dll
0x00007ffbeb920000 - 0x00007ffbebb61000 	C:\WINDOWS\SYSTEM32\DBGHELP.DLL
0x00007ffbf1270000 - 0x00007ffbf15ee000 	C:\WINDOWS\System32\combase.dll
0x00007ffbf1190000 - 0x00007ffbf1266000 	C:\WINDOWS\System32\OLEAUT32.dll
0x00007ffbd4d90000 - 0x00007ffbd4dc9000 	C:\WINDOWS\SYSTEM32\dbgcore.DLL
0x00007ffbef350000 - 0x00007ffbef3e9000 	C:\WINDOWS\System32\bcryptPrimitives.dll
0x00007ffbc34e0000 - 0x00007ffbc3505000 	C:\Program Files\JetBrains\PyCharm Community Edition 2024.1.1\jbr\bin\java.dll
0x00007ffbc9be0000 - 0x00007ffbc9bf8000 	C:\Program Files\JetBrains\PyCharm Community Edition 2024.1.1\jbr\bin\zip.dll
0x00007ffbefb80000 - 0x00007ffbf0284000 	C:\WINDOWS\System32\SHELL32.dll
0x00007ffbec840000 - 0x00007ffbed077000 	C:\WINDOWS\SYSTEM32\windows.storage.dll
0x00007ffbf0830000 - 0x00007ffbf0919000 	C:\WINDOWS\System32\SHCORE.dll
0x00007ffbefb20000 - 0x00007ffbefb7d000 	C:\WINDOWS\System32\shlwapi.dll
0x00007ffbeea70000 - 0x00007ffbeea9e000 	C:\WINDOWS\SYSTEM32\profapi.dll
0x00007ffbc8310000 - 0x00007ffbc8329000 	C:\Program Files\JetBrains\PyCharm Community Edition 2024.1.1\jbr\bin\net.dll
0x00007ffbe2b60000 - 0x00007ffbe2c7e000 	C:\WINDOWS\SYSTEM32\WINHTTP.dll
0x00007ffbede40000 - 0x00007ffbedeaa000 	C:\WINDOWS\system32\mswsock.dll
0x00007ffbbd370000 - 0x00007ffbbd386000 	C:\Program Files\JetBrains\PyCharm Community Edition 2024.1.1\jbr\bin\nio.dll
0x00007ffbc6810000 - 0x00007ffbc681e000 	C:\Program Files\JetBrains\PyCharm Community Edition 2024.1.1\jbr\bin\sunmscapi.dll
0x00007ffbef0a0000 - 0x00007ffbef216000 	C:\WINDOWS\System32\CRYPT32.dll
0x00007ffbee340000 - 0x00007ffbee370000 	C:\WINDOWS\SYSTEM32\ncrypt.dll
0x00007ffbee2f0000 - 0x00007ffbee32f000 	C:\WINDOWS\SYSTEM32\NTASN1.dll
0x00007ffbee1f0000 - 0x00007ffbee20c000 	C:\WINDOWS\SYSTEM32\CRYPTSP.dll
0x00007ffbed8b0000 - 0x00007ffbed8e8000 	C:\WINDOWS\system32\rsaenh.dll
0x00007ffbedee0000 - 0x00007ffbedf0b000 	C:\WINDOWS\SYSTEM32\USERENV.dll
0x00007ffbee380000 - 0x00007ffbee3a6000 	C:\WINDOWS\SYSTEM32\bcrypt.dll
0x00007ffbee070000 - 0x00007ffbee07c000 	C:\WINDOWS\SYSTEM32\CRYPTBASE.dll
0x00007ffbed370000 - 0x00007ffbed3a2000 	C:\WINDOWS\SYSTEM32\IPHLPAPI.DLL
0x00007ffbf0770000 - 0x00007ffbf077a000 	C:\WINDOWS\System32\NSI.dll
0x00007ffbe2810000 - 0x00007ffbe282f000 	C:\WINDOWS\SYSTEM32\dhcpcsvc6.DLL
0x00007ffbe2610000 - 0x00007ffbe2635000 	C:\WINDOWS\SYSTEM32\dhcpcsvc.DLL
0x00007ffbed460000 - 0x00007ffbed585000 	C:\WINDOWS\SYSTEM32\DNSAPI.dll
0x00007ffbdfc90000 - 0x00007ffbdfc98000 	C:\WINDOWS\system32\wshunix.dll
0x00007ffbc34d0000 - 0x00007ffbc34d9000 	C:\Program Files\JetBrains\PyCharm Community Edition 2024.1.1\jbr\bin\extnet.dll

dbghelp: loaded successfully - version: 4.0.5 - missing functions: none
symbol engine: initialized successfully - sym options: 0x614 - pdb path: .;C:\Program Files\JetBrains\PyCharm Community Edition 2024.1.1\jbr\bin;C:\WINDOWS\SYSTEM32;C:\WINDOWS\WinSxS\amd64_microsoft.windows.common-controls_6595b64144ccf1df_6.0.26100.3037_none_3e09262ce333c378;C:\Program Files\JetBrains\PyCharm Community Edition 2024.1.1\jbr\bin\server

VM Arguments:
java_command: git4idea.http.GitAskPassApp Username for 'https://github.com': 
java_class_path (initial): C:/Program Files/JetBrains/PyCharm Community Edition 2024.1.1/plugins/vcs-git/lib/git4idea-rt.jar;C:/Program Files/JetBrains/PyCharm Community Edition 2024.1.1/lib/externalProcess-rt.jar
Launcher Type: SUN_STANDARD

[Global flags]
     intx CICompilerCount                          = 4                                         {product} {ergonomic}
     uint ConcGCThreads                            = 2                                         {product} {ergonomic}
     uint G1ConcRefinementThreads                  = 8                                         {product} {ergonomic}
   size_t G1HeapRegionSize                         = 1048576                                   {product} {ergonomic}
    uintx GCDrainStackTargetSize                   = 64                                        {product} {ergonomic}
   size_t InitialHeapSize                          = 132120576                                 {product} {ergonomic}
   size_t MarkStackSize                            = 4194304                                   {product} {ergonomic}
   size_t MaxHeapSize                              = 2107637760                                {product} {ergonomic}
   size_t MaxNewSize                               = 1264582656                                {product} {ergonomic}
   size_t MinHeapDeltaBytes                        = 1048576                                   {product} {ergonomic}
   size_t MinHeapSize                              = 8388608                                   {product} {ergonomic}
    uintx NonNMethodCodeHeapSize                   = 5839372                                {pd product} {ergonomic}
    uintx NonProfiledCodeHeapSize                  = 122909434                              {pd product} {ergonomic}
    uintx ProfiledCodeHeapSize                     = 122909434                              {pd product} {ergonomic}
    uintx ReservedCodeCacheSize                    = 251658240                              {pd product} {ergonomic}
     bool SegmentedCodeCache                       = true                                      {product} {ergonomic}
   size_t SoftMaxHeapSize                          = 2107637760                             {manageable} {ergonomic}
     bool UseCompressedClassPointers               = true                           {product lp64_product} {ergonomic}
     bool UseCompressedOops                        = true                           {product lp64_product} {ergonomic}
     bool UseG1GC                                  = true                                      {product} {ergonomic}
     bool UseLargePagesIndividualAllocation        = false                                  {pd product} {ergonomic}

Logging:
Log output configuration:
 #0: stdout all=warning uptime,level,tags
 #1: stderr all=off uptime,level,tags

Environment Variables:
PATH=C:/Program Files/Git/mingw64/libexec/git-core;C:/Program Files/Git/mingw64/libexec/git-core;C:\Program Files\Git\mingw64\bin;C:\Program Files\Git\usr\bin;C:\Users\USER\bin;C:\Python313\Scripts\;C:\Python313\;C:\Program Files\Common Files\Oracle\Java\javapath;C:\Program Files (x86)\Common Files\Oracle\Java\java8path;C:\Program Files (x86)\Common Files\Oracle\Java\javapath;C:\WINDOWS\system32;C:\WINDOWS;C:\WINDOWS\System32\Wbem;C:\WINDOWS\System32\WindowsPowerShell\v1.0\;C:\WINDOWS\System32\OpenSSH\;C:\Program Files (x86)\Intel\Intel(R) Management Engine Components\DAL;C:\Program Files\Intel\Intel(R) Management Engine Components\DAL;C:\Program Files\dotnet\;C:\Program Files\Git\cmd;C:\Program Files\nodejs\;C:\ProgramData\chocolatey\bin;C:\Program Files\PowerShell\7\;C:\Program Files\MySQL\MySQL Shell 8.0\bin\;C:\Users\USER\AppData\Local\Programs\Python\Launcher\;C:\Users\USER\AppData\Local\Programs\Python\Python39\Scripts\;C:\Users\USER\AppData\Local\Programs\Python\Python39\;C:\msys64\ucrt64\bin;C:\Users\USER\AppData\Local\Programs\Python\Python312\;C:\Users\USER\AppData\Local\Microsoft\WindowsApps;C:\Users\USER\AppData\Local\Programs\Microsoft VS Code\bin;C://UnLockCatch/tools/vcruntime;C:\Program Files\JetBrains\IntelliJ IDEA 2024.2.4\bin;C:\Users\USER\AppData\Local\JetBrains\Toolbox\scripts;C:\Users\USER\AppData\Roaming\npm
USERNAME=Kobby24
DISPLAY=:0.0
LC_ALL=en_US.UTF-8
TERM=xterm-256color
TMPDIR=C:\Users\USER\AppData\Local\Temp
OS=Windows_NT
PROCESSOR_IDENTIFIER=Intel64 Family 6 Model 142 Stepping 10, GenuineIntel
TMP=C:\Users\USER\AppData\Local\Temp
TEMP=C:\Users\USER\AppData\Local\Temp



Periodic native trim disabled

JNI global refs:
JNI global refs: 19, weak refs: 0

JNI global refs memory usage: 843, weak refs: 841

OOME stack traces (most recent first):
Classloader memory used:
Loader bootstrap                                                                       : 1722K
Loader jdk.internal.loader.ClassLoaders$PlatformClassLoader                            : 174K
Loader jdk.internal.loader.ClassLoaders$AppClassLoader                                 : 1808B


---------------  S Y S T E M  ---------------

OS:
 Windows 11 , 64 bit Build 26100 (10.0.26100.3037)
OS uptime: 0 days 3:46 hours
Hyper-V role detected

CPU: total 8 (initial active 8) (4 cores per cpu, 2 threads per core) family 6 model 142 stepping 10 microcode 0xf6, cx8, cmov, fxsr, ht, mmx, 3dnowpref, sse, sse2, sse3, ssse3, sse4.1, sse4.2, popcnt, lzcnt, tsc, tscinvbit, avx, avx2, aes, erms, clmul, bmi1, bmi2, adx, fma, vzeroupper, clflush, clflushopt, hv
Processor Information for processor 0
  Max Mhz: 1992, Current Mhz: 1792, Mhz Limit: 1792
Processor Information for processor 1
  Max Mhz: 1992, Current Mhz: 1494, Mhz Limit: 1792
Processor Information for processor 2
  Max Mhz: 1992, Current Mhz: 1792, Mhz Limit: 1792
Processor Information for processor 3
  Max Mhz: 1992, Current Mhz: 1494, Mhz Limit: 1792
Processor Information for processor 4
  Max Mhz: 1992, Current Mhz: 1792, Mhz Limit: 1792
Processor Information for processor 5
  Max Mhz: 1992, Current Mhz: 1494, Mhz Limit: 1792
Processor Information for processor 6
  Max Mhz: 1992, Current Mhz: 1792, Mhz Limit: 1792
Processor Information for processor 7
  Max Mhz: 1992, Current Mhz: 1494, Mhz Limit: 1792

Memory: 4k page, system-wide physical 8035M (951M free)
TotalPageFile size 15464M (AvailPageFile size 1M)
current process WorkingSet (physical memory assigned to process): 68M, peak: 68M
current process commit charge ("private bytes"): 218M, peak: 219M

vm_info: OpenJDK 64-Bit Server VM (17.0.10+1-b1207.14) for windows-amd64 JRE (17.0.10+1-b1207.14), built on 2024-04-05 by "builduser" with MS VC++ 16.10 / 16.11 (VS2019)

END.
